Stoney Larkin 52208
Mrs. Daijah Casper 56224
Dr. Issac Grady IV 77308
Arnav Bradtke 16064
Ted Brown 59236
Leandro Rau 71284
Macel Mann 93372
Tyrell Morar 17068
Mr. Dakoda Borer 41164
Waldemar Crist 49196
Santina Murazik PhD 47188
Gearldine Ruecker 19076
Jermey Gusikowski 37148
Cosmo Koch 51204
Maegan Legros 66264
Luciano Schneider I 34136
Rhoda Goodwin 5020
Dr. Liston Yundt 6024
Daisy Cormier DVM 1004
Rosann Olson 39156
Torry Hirthe 7028
Johathan Bergstrom 68272
Pessoa 1002 405616
Pessoa 1004 352404
Pessoa 1015 198792
Pessoa 1019 350396
Pessoa 1025 614448
Pessoa 1029 519068
Pessoa 1031 475896
Pessoa 1033 603404
Pessoa 1036 702800
Pessoa 1041 342364
Pessoa 1053 797176
Pessoa 1054 549188
Pessoa 1072 969864
Pessoa 1076 695772
Pessoa 1080 441760
Pessoa 1081 573284
Pessoa 1083 205820
Pessoa 1089 326300
Pessoa 1099 194776
Pessoa 1100 461840
Pessoa 1106 657620
Pessoa 1108 271080
Pessoa 1114 333328
Pessoa 1117 720872
Pessoa 1118 261040
Pessoa 1120 238952
Pessoa 1122 338348
Pessoa 1130 407624
Pessoa 1143 729908
Pessoa 1156 569268
Pessoa 1158 389552
Pessoa 1164 269072
Pessoa 1169 939744
Pessoa 1171 274092
Pessoa 1177 371480
Pessoa 1193 759024
Pessoa 1194 400596
Pessoa 1198 195780
Pessoa 1201 770068
Pessoa 1206 363448
Pessoa 1212 159636
Pessoa 1217 230920
Pessoa 1218 1052192
Pessoa 1224 941752
Pessoa 1232 529108
Pessoa 1235 857416
Pessoa 1242 439752
Pessoa 1243 146584
Pessoa 1245 920668
Pessoa 1246 476900
Pessoa 1248 141564
Pessoa 1256 780108
Pessoa 1266 848380
Pessoa 1277 794164
Pessoa 1280 736936
Pessoa 1284 291160
Pessoa 1286 464852
Pessoa 1292 888540
Pessoa 1305 723884
Pessoa 1311 708824
Pessoa 1314 517060
Pessoa 1315 222888
Pessoa 1317 751996
Pessoa 1320 307224
Pessoa 1334 911632
Pessoa 1356 267064
Pessoa 1359 165660
Pessoa 1362 424692
Pessoa 1367 137548
Pessoa 1372 462844
Pessoa 1387 731916
Pessoa 1394 646576
Pessoa 1421 820268
Pessoa 1430 328308
Pessoa 1431 839344
Pessoa 1435 369472
Pessoa 1436 936732
Pessoa 1438 388548
Pessoa 1440 142568
Pessoa 1456 373488
Pessoa 1466 929704
Pessoa 1475 528104
Pessoa 1486 613444
Pessoa 1491 351400
Pessoa 1492 133532
Pessoa 1495 559228
Pessoa 1504 660632
Pessoa 1508 899584
Pessoa 1510 121484
Pessoa 1516 120480
Pessoa 1545 824284
Pessoa 1552 508024
Pessoa 1554 397584
Pessoa 1555 357424
Pessoa 1561 127508
Pessoa 1562 116464
Pessoa 1575 348388
Pessoa 1582 148592
Pessoa 1589 473888
Pessoa 1595 477904
Pessoa 1607 211844
Pessoa 1616 605412
Pessoa 1617 436740
Pessoa 1623 791152
Pessoa 1627 785128
Pessoa 1635 524088
Pessoa 1638 392564
Pessoa 1642 399592
Pessoa 1644 884524
Pessoa 1648 533124
Pessoa 1652 418668
Pessoa 1662 332324
Pessoa 1663 140560
Pessoa 1667 361440
Pessoa 1673 828300
Pessoa 1683 266060
Pessoa 1686 290156
Pessoa 1700 786132
Pessoa 1716 235940
Pessoa 1717 738944
Pessoa 1734 440756
Pessoa 1746 739948
Pessoa 1752 200800
Pessoa 1759 547180
Pessoa 1761 232928
Pessoa 1764 812236
Pessoa 1765 778100
Pessoa 1767 387544
Pessoa 1777 554208
Pessoa 1780 854404
Pessoa 1785 447784
Pessoa 1787 457824
Pessoa 1788 406620
Pessoa 1803 160640
Pessoa 1812 497984
Pessoa 1814 483928
Pessoa 1819 872476
Pessoa 1826 315256
Pessoa 1834 144576
Pessoa 1841 677700
Pessoa 1844 180720
Pessoa 1846 301200
Pessoa 1851 157628
Pessoa 1855 130520
Pessoa 1868 210840
Pessoa 1872 145580
Pessoa 1874 129516
Pessoa 1877 256020
Pessoa 1897 639548
Pessoa 1900 728904
Pessoa 1913 567260
Pessoa 1915 258028
Pessoa 1919 212848
Pessoa 1925 930708
Pessoa 1943 846372
Pessoa 1952 156624
Pessoa 1976 448788
Pessoa 1978 698784
Pessoa 1987 247988
Pessoa 1988 643564
Pessoa 1990 539148
Pessoa 1993 382524
Pessoa 1994 233932
Pessoa 1996 154616
